Determining if the pthread_create exist failed with the following output:
Change Dir: /home/parallels/tfg/autonomous-vehicles-system-simulation/low_level_simulation/build/CMakeFiles/CMakeTmp

Run Build Command:"/usr/bin/make" "cmTC_c992d/fast"
/usr/bin/make -f CMakeFiles/cmTC_c992d.dir/build.make CMakeFiles/cmTC_c992d.dir/build
make[1]: se entra en el directorio '/home/parallels/tfg/autonomous-vehicles-system-simulation/low_level_simulation/build/CMakeFiles/CMakeTmp'
Building C object CMakeFiles/cmTC_c992d.dir/CheckSymbolExists.c.o
/usr/bin/cc     -o CMakeFiles/cmTC_c992d.dir/CheckSymbolExists.c.o   -c /home/parallels/tfg/autonomous-vehicles-system-simulation/low_level_simulation/build/CMakeFiles/CMakeTmp/CheckSymbolExists.c
Linking C executable cmTC_c992d
/usr/bin/cmake -E cmake_link_script CMakeFiles/cmTC_c992d.dir/link.txt --verbose=1
/usr/bin/cc       CMakeFiles/cmTC_c992d.dir/CheckSymbolExists.c.o  -o cmTC_c992d -rdynamic 
CMakeFiles/cmTC_c992d.dir/CheckSymbolExists.c.o: En la funci√≥n `main':
CheckSymbolExists.c:(.text+0x16): referencia a `pthread_create' sin definir
collect2: error: ld returned 1 exit status
CMakeFiles/cmTC_c992d.dir/build.make:97: fallo en las instrucciones para el objetivo 'cmTC_c992d'
make[1]: *** [cmTC_c992d] Error 1
make[1]: se sale del directorio '/home/parallels/tfg/autonomous-vehicles-system-simulation/low_level_simulation/build/CMakeFiles/CMakeTmp'
Makefile:126: fallo en las instrucciones para el objetivo 'cmTC_c992d/fast'
make: *** [cmTC_c992d/fast] Error 2

File /home/parallels/tfg/autonomous-vehicles-system-simulation/low_level_simulation/build/CMakeFiles/CMakeTmp/CheckSymbolExists.c:
/* */
#include <pthread.h>

int main(int argc, char** argv)
{
  (void)argv;
#ifndef pthread_create
  return ((int*)(&pthread_create))[argc];
#else
  (void)argc;
  return 0;
#endif
}

Determining if the function pthread_create exists in the pthreads failed with the following output:
Change Dir: /home/parallels/tfg/autonomous-vehicles-system-simulation/low_level_simulation/build/CMakeFiles/CMakeTmp

Run Build Command:"/usr/bin/make" "cmTC_3c4da/fast"
/usr/bin/make -f CMakeFiles/cmTC_3c4da.dir/build.make CMakeFiles/cmTC_3c4da.dir/build
make[1]: se entra en el directorio '/home/parallels/tfg/autonomous-vehicles-system-simulation/low_level_simulation/build/CMakeFiles/CMakeTmp'
Building C object CMakeFiles/cmTC_3c4da.dir/CheckFunctionExists.c.o
/usr/bin/cc    -DCHECK_FUNCTION_EXISTS=pthread_create   -o CMakeFiles/cmTC_3c4da.dir/CheckFunctionExists.c.o   -c /usr/share/cmake-3.5/Modules/CheckFunctionExists.c
Linking C executable cmTC_3c4da
/usr/bin/cmake -E cmake_link_script CMakeFiles/cmTC_3c4da.dir/link.txt --verbose=1
/usr/bin/cc   -DCHECK_FUNCTION_EXISTS=pthread_create    CMakeFiles/cmTC_3c4da.dir/CheckFunctionExists.c.o  -o cmTC_3c4da -rdynamic -lpthreads 
/usr/bin/ld: no se puede encontrar -lpthreads
collect2: error: ld returned 1 exit status
CMakeFiles/cmTC_3c4da.dir/build.make:97: fallo en las instrucciones para el objetivo 'cmTC_3c4da'
make[1]: *** [cmTC_3c4da] Error 1
make[1]: se sale del directorio '/home/parallels/tfg/autonomous-vehicles-system-simulation/low_level_simulation/build/CMakeFiles/CMakeTmp'
Makefile:126: fallo en las instrucciones para el objetivo 'cmTC_3c4da/fast'
make: *** [cmTC_3c4da/fast] Error 2


